(Thread-1 ) Starting new HTTP connection (1): nzauproxy.springer-sbm.com
(Thread-1 ) "GET http://api.elsevier.com/content/search/scopus?query=TITLE-ABS-KEY(micro) HTTP/1.1" 200 5605
(ProcessStart) Starting new HTTP connection (1): nzauproxy.springer-sbm.com
(Thread-1 ) Internal Server Error: /scopus/
Traceback (most recent call last):
  File "D:\SanjeevRai\PythonTest\DRF\ReviewerFinder\env\lib\site-packages\django\core\handlers\base.py", line 149, in get_response
    response = self.process_exception_by_middleware(e, request)
  File "D:\SanjeevRai\PythonTest\DRF\ReviewerFinder\env\lib\site-packages\django\core\handlers\base.py", line 147, in get_response
    response = wrapped_callback(request, *callback_args, **callback_kwargs)
  File "D:\SanjeevRai\PythonTest\DRF\ReviewerFinder\env\lib\site-packages\django\views\decorators\csrf.py", line 58, in wrapped_view
    return view_func(*args, **kwargs)
  File "D:\SanjeevRai\PythonTest\DRF\ReviewerFinder\env\lib\site-packages\django\views\generic\base.py", line 68, in view
    return self.dispatch(request, *args, **kwargs)
  File "D:\SanjeevRai\PythonTest\DRF\ReviewerFinder\env\lib\site-packages\rest_framework\views.py", line 466, in dispatch
    response = self.handle_exception(exc)
  File "D:\SanjeevRai\PythonTest\DRF\ReviewerFinder\env\lib\site-packages\rest_framework\views.py", line 463, in dispatch
    response = handler(request, *args, **kwargs)
  File "D:\SanjeevRai\PythonTest\DRF\ReviewerFinder\ReviewerFinderProject\scopus\views.py", line 57, in get
    t.setDaemon(True)
  File "c:\python34\Lib\threading.py", line 1143, in setDaemon
    self.daemon = daemonic
  File "c:\python34\Lib\threading.py", line 1136, in daemon
    raise RuntimeError("cannot set daemon status of active thread")
RuntimeError: cannot set daemon status of active thread
(ProcessStart) "GET http://api.elsevier.com/content/abstract/scopus_id/84920532475 HTTP/1.1" 200 3186
(ProcessStart) Starting new HTTP connection (1): nzauproxy.springer-sbm.com
(ProcessStart) "GET http://api.elsevier.com/content/author/author_id/24366494600 HTTP/1.1" 200 3159
(ProcessStart) Starting new HTTP connection (1): nzauproxy.springer-sbm.com
(ProcessStart) "GET http://api.elsevier.com/content/search/scopus?query=AU-ID(24366494600) HTTP/1.1" 200 4345
(ProcessStart) Starting new HTTP connection (1): nzauproxy.springer-sbm.com
(ProcessStart) "GET http://api.elsevier.com/content/author/author_id/48160949500 HTTP/1.1" 200 2211
(ProcessStart) Starting new HTTP connection (1): nzauproxy.springer-sbm.com
(ProcessStart) "GET http://api.elsevier.com/content/search/scopus?query=AU-ID(48160949500) HTTP/1.1" 200 3336
(Thread-1 ) Starting new HTTP connection (1): nzauproxy.springer-sbm.com
(Thread-1 ) "GET http://api.elsevier.com/content/search/scopus?query=TITLE-ABS-KEY(micro) HTTP/1.1" 200 5605
(ProcessStart) Starting new HTTP connection (1): nzauproxy.springer-sbm.com
(ProcessStart) "GET http://api.elsevier.com/content/abstract/scopus_id/84920532475 HTTP/1.1" 200 3186
(ProcessStart) Starting new HTTP connection (1): nzauproxy.springer-sbm.com
(ProcessStart) "GET http://api.elsevier.com/content/author/author_id/24366494600 HTTP/1.1" 200 3159
(ProcessStart) Starting new HTTP connection (1): nzauproxy.springer-sbm.com
(ProcessStart) "GET http://api.elsevier.com/content/search/scopus?query=AU-ID(24366494600) HTTP/1.1" 200 4345
(ProcessStart) Starting new HTTP connection (1): nzauproxy.springer-sbm.com
(ProcessStart) "GET http://api.elsevier.com/content/author/author_id/48160949500 HTTP/1.1" 200 2211
(ProcessStart) Starting new HTTP connection (1): nzauproxy.springer-sbm.com
(ProcessStart) "GET http://api.elsevier.com/content/search/scopus?query=AU-ID(48160949500) HTTP/1.1" 200 3336
(ProcessStart) Starting new HTTP connection (1): nzauproxy.springer-sbm.com
(ProcessStart) "GET http://api.elsevier.com/content/abstract/scopus_id/57149104790 HTTP/1.1" 200 None
(ProcessStart) Starting new HTTP connection (1): nzauproxy.springer-sbm.com
(ProcessStart) "GET http://api.elsevier.com/content/author/author_id/55993292200 HTTP/1.1" 200 6793
(ProcessStart) Starting new HTTP connection (1): nzauproxy.springer-sbm.com
(ProcessStart) "GET http://api.elsevier.com/content/author/author_id/7402881159 HTTP/1.1" 200 5721
(ProcessStart) Starting new HTTP connection (1): nzauproxy.springer-sbm.com
(ProcessStart) "GET http://api.elsevier.com/content/author/author_id/55680743700 HTTP/1.1" 200 None
(ProcessStart) Starting new HTTP connection (1): nzauproxy.springer-sbm.com
(ProcessStart) "GET http://api.elsevier.com/content/author/author_id/36063457600 HTTP/1.1" 200 None
(ProcessStart) Starting new HTTP connection (1): nzauproxy.springer-sbm.com
(ProcessStart) "GET http://api.elsevier.com/content/abstract/scopus_id/71749093988 HTTP/1.1" 200 5892
(ProcessStart) Starting new HTTP connection (1): nzauproxy.springer-sbm.com
(ProcessStart) "GET http://api.elsevier.com/content/author/author_id/6603102182 HTTP/1.1" 200 2792
(ProcessStart) Starting new HTTP connection (1): nzauproxy.springer-sbm.com
(ProcessStart) "GET http://api.elsevier.com/content/search/scopus?query=AU-ID(6603102182) HTTP/1.1" 200 4456
(ProcessStart) Starting new HTTP connection (1): nzauproxy.springer-sbm.com
(ProcessStart) "GET http://api.elsevier.com/content/author/author_id/7801341832 HTTP/1.1" 200 2900
(ProcessStart) Starting new HTTP connection (1): nzauproxy.springer-sbm.com
(ProcessStart) "GET http://api.elsevier.com/content/search/scopus?query=AU-ID(7801341832) HTTP/1.1" 200 4406
(ProcessStart) Starting new HTTP connection (1): nzauproxy.springer-sbm.com
(ProcessStart) "GET http://api.elsevier.com/content/author/author_id/7402489247 HTTP/1.1" 200 4393
(ProcessStart) Starting new HTTP connection (1): nzauproxy.springer-sbm.com
(Thread-1 ) Starting new HTTP connection (1): nzauproxy.springer-sbm.com
(Thread-3 ) Starting new HTTP connection (1): nzauproxy.springer-sbm.com
(Thread-1 ) "GET http://api.elsevier.com/content/search/scopus?query=TITLE-ABS-KEY(micro) HTTP/1.1" 200 5605
(ProcessStart) Starting new HTTP connection (1): nzauproxy.springer-sbm.com
(ProcessStart) Starting new HTTP connection (1): nzauproxy.springer-sbm.com
(ProcessStart) Starting new HTTP connection (1): nzauproxy.springer-sbm.com
(ProcessStart) Starting new HTTP connection (1): nzauproxy.springer-sbm.com
(ProcessStart) Starting new HTTP connection (1): nzauproxy.springer-sbm.com
(ProcessStart) Starting new HTTP connection (1): nzauproxy.springer-sbm.com
(ProcessStart) Starting new HTTP connection (1): nzauproxy.springer-sbm.com
(ProcessStart) Starting new HTTP connection (1): nzauproxy.springer-sbm.com
(ProcessStart) Starting new HTTP connection (1): nzauproxy.springer-sbm.com
(ProcessStart) Starting new HTTP connection (1): nzauproxy.springer-sbm.com
(ProcessStart) Starting new HTTP connection (1): nzauproxy.springer-sbm.com
(ProcessStart) Starting new HTTP connection (1): nzauproxy.springer-sbm.com
(ProcessStart) Starting new HTTP connection (1): nzauproxy.springer-sbm.com
(ProcessStart) Starting new HTTP connection (1): nzauproxy.springer-sbm.com
(ProcessStart) Starting new HTTP connection (1): nzauproxy.springer-sbm.com
(ProcessStart) Starting new HTTP connection (1): nzauproxy.springer-sbm.com
(ProcessStart) Starting new HTTP connection (1): nzauproxy.springer-sbm.com
(ProcessStart) Starting new HTTP connection (1): nzauproxy.springer-sbm.com
(ProcessStart) Starting new HTTP connection (1): nzauproxy.springer-sbm.com
(ProcessStart) Starting new HTTP connection (1): nzauproxy.springer-sbm.com
(ProcessStart) Starting new HTTP connection (1): nzauproxy.springer-sbm.com
(ProcessStart) Starting new HTTP connection (1): nzauproxy.springer-sbm.com
(ProcessStart) Starting new HTTP connection (1): nzauproxy.springer-sbm.com
(ProcessStart) Starting new HTTP connection (1): nzauproxy.springer-sbm.com
(ProcessStart) Starting new HTTP connection (1): nzauproxy.springer-sbm.com
(Thread-3 ) "GET http://api.elsevier.com/content/search/scopus?query=TITLE-ABS-KEY(micro) HTTP/1.1" 200 5605
(ProcessStart) Starting new HTTP connection (1): nzauproxy.springer-sbm.com
(ProcessStart) Starting new HTTP connection (1): nzauproxy.springer-sbm.com
(ProcessStart) Starting new HTTP connection (1): nzauproxy.springer-sbm.com
(ProcessStart) Starting new HTTP connection (1): nzauproxy.springer-sbm.com
(ProcessStart) Starting new HTTP connection (1): nzauproxy.springer-sbm.com
(ProcessStart) Starting new HTTP connection (1): nzauproxy.springer-sbm.com
(ProcessStart) Starting new HTTP connection (1): nzauproxy.springer-sbm.com
(ProcessStart) Starting new HTTP connection (1): nzauproxy.springer-sbm.com
(ProcessStart) Starting new HTTP connection (1): nzauproxy.springer-sbm.com
(ProcessStart) Starting new HTTP connection (1): nzauproxy.springer-sbm.com
(ProcessStart) Starting new HTTP connection (1): nzauproxy.springer-sbm.com
(ProcessStart) Starting new HTTP connection (1): nzauproxy.springer-sbm.com
(ProcessStart) Starting new HTTP connection (1): nzauproxy.springer-sbm.com
(ProcessStart) Starting new HTTP connection (1): nzauproxy.springer-sbm.com
(ProcessStart) Starting new HTTP connection (1): nzauproxy.springer-sbm.com
(ProcessStart) Starting new HTTP connection (1): nzauproxy.springer-sbm.com
(ProcessStart) Starting new HTTP connection (1): nzauproxy.springer-sbm.com
(ProcessStart) Starting new HTTP connection (1): nzauproxy.springer-sbm.com
(ProcessStart) Starting new HTTP connection (1): nzauproxy.springer-sbm.com
(ProcessStart) Starting new HTTP connection (1): nzauproxy.springer-sbm.com
(ProcessStart) Starting new HTTP connection (1): nzauproxy.springer-sbm.com
(ProcessStart) Starting new HTTP connection (1): nzauproxy.springer-sbm.com
(ProcessStart) Starting new HTTP connection (1): nzauproxy.springer-sbm.com
(ProcessStart) Starting new HTTP connection (1): nzauproxy.springer-sbm.com
(ProcessStart) Starting new HTTP connection (1): nzauproxy.springer-sbm.com
(ProcessStart) "GET http://api.elsevier.com/content/abstract/scopus_id/31744439478 HTTP/1.1" 200 6332
(ProcessStart) "GET http://api.elsevier.com/content/abstract/scopus_id/84863234112 HTTP/1.1" 200 None
(ProcessStart) Starting new HTTP connection (1): nzauproxy.springer-sbm.com
(ProcessStart) Starting new HTTP connection (1): nzauproxy.springer-sbm.com
(ProcessStart) "GET http://api.elsevier.com/content/abstract/scopus_id/78650961091 HTTP/1.1" 200 3643
(ProcessStart) Starting new HTTP connection (1): nzauproxy.springer-sbm.com
(ProcessStart) "GET http://api.elsevier.com/content/abstract/scopus_id/46149107066 HTTP/1.1" 200 4193
(ProcessStart) "GET http://api.elsevier.com/content/author/author_id/7004502120 HTTP/1.1" 200 3511
(ProcessStart) "GET http://api.elsevier.com/content/abstract/scopus_id/0035486107 HTTP/1.1" 200 2695
(ProcessStart) Starting new HTTP connection (1): nzauproxy.springer-sbm.com
(ProcessStart) Starting new HTTP connection (1): nzauproxy.springer-sbm.com
(ProcessStart) "GET http://api.elsevier.com/content/author/author_id/37104923100 HTTP/1.1" 200 2039
(ProcessStart) "GET http://api.elsevier.com/content/abstract/scopus_id/84920532475 HTTP/1.1" 200 3186
(ProcessStart) "GET http://api.elsevier.com/content/author/author_id/56220635000 HTTP/1.1" 200 1290
(ProcessStart) "GET http://api.elsevier.com/content/abstract/scopus_id/57149104790 HTTP/1.1" 200 None
(ProcessStart) Starting new HTTP connection (1): nzauproxy.springer-sbm.com
(ProcessStart) Starting new HTTP connection (1): nzauproxy.springer-sbm.com
(ProcessStart) Starting new HTTP connection (1): nzauproxy.springer-sbm.com
(ProcessStart) Starting new HTTP connection (1): nzauproxy.springer-sbm.com
(ProcessStart) "GET http://api.elsevier.com/content/author/author_id/8611455800 HTTP/1.1" 200 2808
(ProcessStart) Starting new HTTP connection (1): nzauproxy.springer-sbm.com
(ProcessStart) "GET http://api.elsevier.com/content/abstract/scopus_id/71749093988 HTTP/1.1" 200 5892
(ProcessStart) Starting new HTTP connection (1): nzauproxy.springer-sbm.com
(ProcessStart) "GET http://api.elsevier.com/content/search/scopus?query=AU-ID(37104923100) HTTP/1.1" 200 4222
(ProcessStart) Starting new HTTP connection (1): nzauproxy.springer-sbm.com
(ProcessStart) "GET http://api.elsevier.com/content/abstract/scopus_id/77956477935 HTTP/1.1" 200 4240
(ProcessStart) Starting new HTTP connection (1): nzauproxy.springer-sbm.com
(ProcessStart) "GET http://api.elsevier.com/content/author/author_id/6603102182 HTTP/1.1" 200 2792
(ProcessStart) "GET http://api.elsevier.com/content/search/scopus?query=AU-ID(7004502120) HTTP/1.1" 200 4815
(ProcessStart) Starting new HTTP connection (1): nzauproxy.springer-sbm.com
(ProcessStart) "GET http://api.elsevier.com/content/abstract/scopus_id/84869699215 HTTP/1.1" 200 3891
(ProcessStart) "GET http://api.elsevier.com/content/abstract/scopus_id/84929462731 HTTP/1.1" 200 4589
(ProcessStart) "GET http://api.elsevier.com/content/author/author_id/24366494600 HTTP/1.1" 200 3159
(ProcessStart) "GET http://api.elsevier.com/content/search/scopus?query=AU-ID(56220635000) HTTP/1.1" 200 2399
(ProcessStart) Starting new HTTP connection (1): nzauproxy.springer-sbm.com
(ProcessStart) "GET http://api.elsevier.com/content/author/author_id/27170512000 HTTP/1.1" 200 2900
(ProcessStart) "GET http://api.elsevier.com/content/abstract/scopus_id/84872451844 HTTP/1.1" 200 3515
(ProcessStart) Starting new HTTP connection (1): nzauproxy.springer-sbm.com
(ProcessStart) Starting new HTTP connection (1): nzauproxy.springer-sbm.com
(ProcessStart) Starting new HTTP connection (1): nzauproxy.springer-sbm.com
(ProcessStart) Starting new HTTP connection (1): nzauproxy.springer-sbm.com
(ProcessStart) Starting new HTTP connection (1): nzauproxy.springer-sbm.com
(ProcessStart) Starting new HTTP connection (1): nzauproxy.springer-sbm.com
(ProcessStart) "GET http://api.elsevier.com/content/abstract/scopus_id/77949574942 HTTP/1.1" 200 3319
(ProcessStart) "GET http://api.elsevier.com/content/author/author_id/55993292200 HTTP/1.1" 200 6793
(ProcessStart) Starting new HTTP connection (1): nzauproxy.springer-sbm.com
(ProcessStart) "GET http://api.elsevier.com/content/search/scopus?query=AU-ID(8611455800) HTTP/1.1" 200 4359
(ProcessStart) Starting new HTTP connection (1): nzauproxy.springer-sbm.com
(ProcessStart) Starting new HTTP connection (1): nzauproxy.springer-sbm.com
(ProcessStart) "GET http://api.elsevier.com/content/abstract/scopus_id/77949574942 HTTP/1.1" 200 3319
(ProcessStart) "GET http://api.elsevier.com/content/author/author_id/7007112042 HTTP/1.1" 200 2334
(ProcessStart) "GET http://api.elsevier.com/content/search/scopus?query=AU-ID(6603102182) HTTP/1.1" 200 4456
(ProcessStart) Starting new HTTP connection (1): nzauproxy.springer-sbm.com
(ProcessStart) Starting new HTTP connection (1): nzauproxy.springer-sbm.com
(ProcessStart) "GET http://api.elsevier.com/content/search/scopus?query=AU-ID(24366494600) HTTP/1.1" 200 4345
(ProcessStart) Starting new HTTP connection (1): nzauproxy.springer-sbm.com
(ProcessStart) Starting new HTTP connection (1): nzauproxy.springer-sbm.com
(ProcessStart) "GET http://api.elsevier.com/content/author/author_id/55701074100 HTTP/1.1" 200 1574
(ProcessStart) Starting new HTTP connection (1): nzauproxy.springer-sbm.com
(ProcessStart) "GET http://api.elsevier.com/content/author/author_id/49361587600 HTTP/1.1" 200 2087
(ProcessStart) "GET http://api.elsevier.com/content/abstract/scopus_id/84860112958 HTTP/1.1" 200 3781
(ProcessStart) "GET http://api.elsevier.com/content/abstract/scopus_id/77649341254 HTTP/1.1" 200 4335
(ProcessStart) Starting new HTTP connection (1): nzauproxy.springer-sbm.com
(ProcessStart) Starting new HTTP connection (1): nzauproxy.springer-sbm.com
(ProcessStart) Starting new HTTP connection (1): nzauproxy.springer-sbm.com
(ProcessStart) "GET http://api.elsevier.com/content/author/author_id/6701346601 HTTP/1.1" 200 5885
(ProcessStart) "GET http://api.elsevier.com/content/abstract/scopus_id/31744439478 HTTP/1.1" 200 6332
(ProcessStart) "GET http://api.elsevier.com/content/search/scopus?query=AU-ID(7007112042) HTTP/1.1" 200 4154
(ProcessStart) "GET http://api.elsevier.com/content/search/scopus?query=AU-ID(27170512000) HTTP/1.1" 200 4389
(ProcessStart) Starting new HTTP connection (1): nzauproxy.springer-sbm.com
(ProcessStart) Starting new HTTP connection (1): nzauproxy.springer-sbm.com
(ProcessStart) Starting new HTTP connection (1): nzauproxy.springer-sbm.com
(ProcessStart) "GET http://api.elsevier.com/content/author/author_id/9746052700 HTTP/1.1" 200 2909
(ProcessStart) "GET http://api.elsevier.com/content/abstract/scopus_id/58849130746 HTTP/1.1" 200 3641
(ProcessStart) Starting new HTTP connection (1): nzauproxy.springer-sbm.com
(ProcessStart) "GET http://api.elsevier.com/content/author/author_id/55370135100 HTTP/1.1" 200 1352
(ProcessStart) Starting new HTTP connection (1): nzauproxy.springer-sbm.com
(ProcessStart) Starting new HTTP connection (1): nzauproxy.springer-sbm.com
(ProcessStart) "GET http://api.elsevier.com/content/abstract/scopus_id/61649091568 HTTP/1.1" 200 3941
(ProcessStart) Starting new HTTP connection (1): nzauproxy.springer-sbm.com
(ProcessStart) "GET http://api.elsevier.com/content/author/author_id/48160949500 HTTP/1.1" 200 2211
(ProcessStart) "GET http://api.elsevier.com/content/abstract/scopus_id/61649091568 HTTP/1.1" 200 3941
(ProcessStart) Starting new HTTP connection (1): nzauproxy.springer-sbm.com
(ProcessStart) Starting new HTTP connection (1): nzauproxy.springer-sbm.com
(ProcessStart) "GET http://api.elsevier.com/content/search/scopus?query=AU-ID(49361587600) HTTP/1.1" 200 2650
(ProcessStart) "GET http://api.elsevier.com/content/abstract/scopus_id/33645160045 HTTP/1.1" 200 5159
(ProcessStart) "GET http://api.elsevier.com/content/author/author_id/55721770300 HTTP/1.1" 200 2401
(ProcessStart) "GET http://api.elsevier.com/content/author/author_id/35754177400 HTTP/1.1" 200 1135
(ProcessStart) Starting new HTTP connection (1): nzauproxy.springer-sbm.com
(ProcessStart) Starting new HTTP connection (1): nzauproxy.springer-sbm.com
(ProcessStart) Starting new HTTP connection (1): nzauproxy.springer-sbm.com
(ProcessStart) "GET http://api.elsevier.com/content/abstract/scopus_id/84869699215 HTTP/1.1" 200 3891
(ProcessStart) "GET http://api.elsevier.com/content/author/author_id/8611455500 HTTP/1.1" 200 1243
(ProcessStart) "GET http://api.elsevier.com/content/search/scopus?query=AU-ID(9746052700) HTTP/1.1" 200 4602
(ProcessStart) Starting new HTTP connection (1): nzauproxy.springer-sbm.com
(ProcessStart) Starting new HTTP connection (1): nzauproxy.springer-sbm.com
(ProcessStart) "GET http://api.elsevier.com/content/abstract/scopus_id/44949248986 HTTP/1.1" 200 3551
(ProcessStart) "GET http://api.elsevier.com/content/search/scopus?query=AU-ID(55370135100) HTTP/1.1" 200 1666
(ProcessStart) Starting new HTTP connection (1): nzauproxy.springer-sbm.com
(ProcessStart) Starting new HTTP connection (1): nzauproxy.springer-sbm.com
(ProcessStart) "GET http://api.elsevier.com/content/author/author_id/7404490046 HTTP/1.1" 200 1649
(ProcessStart) Starting new HTTP connection (1): nzauproxy.springer-sbm.com
(ProcessStart) "GET http://api.elsevier.com/content/abstract/scopus_id/84863226468 HTTP/1.1" 200 6597
(ProcessStart) Starting new HTTP connection (1): nzauproxy.springer-sbm.com
(ProcessStart) "GET http://api.elsevier.com/content/search/scopus?query=AU-ID(48160949500) HTTP/1.1" 200 3336
(ProcessStart) "GET http://api.elsevier.com/content/author/author_id/35754177400 HTTP/1.1" 200 1135
(ProcessStart) "GET http://api.elsevier.com/content/author/author_id/8547688000 HTTP/1.1" 200 3976
(ProcessStart) "GET http://api.elsevier.com/content/abstract/scopus_id/57149104790 HTTP/1.1" 200 None
(ProcessStart) Starting new HTTP connection (1): nzauproxy.springer-sbm.com
(ProcessStart) Starting new HTTP connection (1): nzauproxy.springer-sbm.com
(ProcessStart) "GET http://api.elsevier.com/content/abstract/scopus_id/33645160045 HTTP/1.1" 200 5159
(ProcessStart) "GET http://api.elsevier.com/content/search/scopus?query=AU-ID(35754177400) HTTP/1.1" 200 1004
(ProcessStart) "GET http://api.elsevier.com/content/search/scopus?query=AU-ID(55701074100) HTTP/1.1" 200 3933
(ProcessStart) Starting new HTTP connection (1): nzauproxy.springer-sbm.com
(ProcessStart) Starting new HTTP connection (1): nzauproxy.springer-sbm.com
(ProcessStart) Starting new HTTP connection (1): nzauproxy.springer-sbm.com
(ProcessStart) "GET http://api.elsevier.com/content/abstract/scopus_id/84920532475 HTTP/1.1" 200 3186
(ProcessStart) "GET http://api.elsevier.com/content/author/author_id/6701309279 HTTP/1.1" 200 2711
(ProcessStart) Starting new HTTP connection (1): nzauproxy.springer-sbm.com
(ProcessStart) Starting new HTTP connection (1): nzauproxy.springer-sbm.com
(ProcessStart) "GET http://api.elsevier.com/content/search/scopus?query=AU-ID(55721770300) HTTP/1.1" 200 4467
(ProcessStart) "GET http://api.elsevier.com/content/author/author_id/7402881159 HTTP/1.1" 200 5721
(ProcessStart) "GET http://api.elsevier.com/content/author/author_id/7801341832 HTTP/1.1" 200 2900
(ProcessStart) "GET http://api.elsevier.com/content/abstract/scopus_id/40849142613 HTTP/1.1" 200 4931
(ProcessStart) Starting new HTTP connection (1): nzauproxy.springer-sbm.com
(ProcessStart) Starting new HTTP connection (1): nzauproxy.springer-sbm.com
(ProcessStart) Starting new HTTP connection (1): nzauproxy.springer-sbm.com
(ProcessStart) "GET http://api.elsevier.com/content/author/author_id/55733490900 HTTP/1.1" 200 1853
(ProcessStart) Starting new HTTP connection (1): nzauproxy.springer-sbm.com
(ProcessStart) "GET http://api.elsevier.com/content/abstract/scopus_id/44949248986 HTTP/1.1" 200 3551
(ProcessStart) Starting new HTTP connection (1): nzauproxy.springer-sbm.com
(ProcessStart) "GET http://api.elsevier.com/content/search/scopus?query=AU-ID(8611455500) HTTP/1.1" 200 1118
(ProcessStart) Starting new HTTP connection (1): nzauproxy.springer-sbm.com
(ProcessStart) "GET http://api.elsevier.com/content/abstract/scopus_id/0035486107 HTTP/1.1" 200 2695
(ProcessStart) "GET http://api.elsevier.com/content/author/author_id/36562822500 HTTP/1.1" 200 5258
(ProcessStart) "GET http://api.elsevier.com/content/search/scopus?query=AU-ID(7404490046) HTTP/1.1" 200 1921
(ProcessStart) Starting new HTTP connection (1): nzauproxy.springer-sbm.com
(ProcessStart) Starting new HTTP connection (1): nzauproxy.springer-sbm.com
(ProcessStart) "GET http://api.elsevier.com/content/abstract/scopus_id/58849130746 HTTP/1.1" 200 3641
(ProcessStart) Starting new HTTP connection (1): nzauproxy.springer-sbm.com
(ProcessStart) "GET http://api.elsevier.com/content/abstract/scopus_id/77649341254 HTTP/1.1" 200 4335
(ProcessStart) "GET http://api.elsevier.com/content/abstract/scopus_id/84856501456 HTTP/1.1" 200 4043
(ProcessStart) "GET http://api.elsevier.com/content/author/author_id/55993292200 HTTP/1.1" 200 6793
(ProcessStart) "GET http://api.elsevier.com/content/author/author_id/35572364600 HTTP/1.1" 200 7581
(ProcessStart) "GET http://api.elsevier.com/content/search/scopus?query=AU-ID(6701309279) HTTP/1.1" 200 4175
(ProcessStart) Starting new HTTP connection (1): nzauproxy.springer-sbm.com
(ProcessStart) Starting new HTTP connection (1): nzauproxy.springer-sbm.com
(ProcessStart) "GET http://api.elsevier.com/content/search/scopus?query=AU-ID(35754177400) HTTP/1.1" 200 1004
(ProcessStart) Starting new HTTP connection (1): nzauproxy.springer-sbm.com
(ProcessStart) Starting new HTTP connection (1): nzauproxy.springer-sbm.com
(ProcessStart) Starting new HTTP connection (1): nzauproxy.springer-sbm.com
(ProcessStart) Starting new HTTP connection (1): nzauproxy.springer-sbm.com
(ProcessStart) "GET http://api.elsevier.com/content/author/author_id/24366494600 HTTP/1.1" 200 3159
(ProcessStart) "GET http://api.elsevier.com/content/abstract/scopus_id/84860112958 HTTP/1.1" 200 3781
(ProcessStart) Starting new HTTP connection (1): nzauproxy.springer-sbm.com
(ProcessStart) Starting new HTTP connection (1): nzauproxy.springer-sbm.com
(ProcessStart) "GET http://api.elsevier.com/content/author/author_id/7004502120 HTTP/1.1" 200 3511
(ProcessStart) "GET http://api.elsevier.com/content/search/scopus?query=AU-ID(55733490900) HTTP/1.1" 200 3141
(ProcessStart) "GET http://api.elsevier.com/content/author/author_id/55733490900 HTTP/1.1" 200 1853
(ProcessStart) "GET http://api.elsevier.com/content/abstract/scopus_id/84856501456 HTTP/1.1" 200 4043
(ProcessStart) Starting new HTTP connection (1): nzauproxy.springer-sbm.com
(ProcessStart) Starting new HTTP connection (1): nzauproxy.springer-sbm.com
(ProcessStart) "GET http://api.elsevier.com/content/search/scopus?query=AU-ID(7801341832) HTTP/1.1" 200 4406
(ProcessStart) "GET http://api.elsevier.com/content/abstract/scopus_id/71749093988 HTTP/1.1" 200 5892
(ProcessStart) Starting new HTTP connection (1): nzauproxy.springer-sbm.com
(ProcessStart) Starting new HTTP connection (1): nzauproxy.springer-sbm.com
(ProcessStart) Starting new HTTP connection (1): nzauproxy.springer-sbm.com
(ProcessStart) "GET http://api.elsevier.com/content/author/author_id/55708139500 HTTP/1.1" 200 1097
(ProcessStart) Starting new HTTP connection (1): nzauproxy.springer-sbm.com
(ProcessStart) "GET http://api.elsevier.com/content/abstract/scopus_id/40849142613 HTTP/1.1" 200 4931
(ProcessStart) Starting new HTTP connection (1): nzauproxy.springer-sbm.com
(ProcessStart) "GET http://api.elsevier.com/content/search/scopus?query=AU-ID(36562822500) HTTP/1.1" 200 5071
(ProcessStart) "GET http://api.elsevier.com/content/author/author_id/6602162152 HTTP/1.1" 200 2877
(ProcessStart) "GET http://api.elsevier.com/content/abstract/scopus_id/84872451844 HTTP/1.1" 200 3515
(ProcessStart) "GET http://api.elsevier.com/content/abstract/scopus_id/78649745842 HTTP/1.1" 200 4371
(ProcessStart) "GET http://api.elsevier.com/content/abstract/scopus_id/84863226468 HTTP/1.1" 200 6597
(ProcessStart) "GET http://api.elsevier.com/content/abstract/scopus_id/46149107066 HTTP/1.1" 200 4193
(ProcessStart) "GET http://api.elsevier.com/content/abstract/scopus_id/84929462731 HTTP/1.1" 200 4589
(ProcessStart) "GET http://api.elsevier.com/content/abstract/scopus_id/78650961091 HTTP/1.1" 200 3643
(ProcessStart) Starting new HTTP connection (1): nzauproxy.springer-sbm.com
(ProcessStart) Starting new HTTP connection (1): nzauproxy.springer-sbm.com
(ProcessStart) "GET http://api.elsevier.com/content/abstract/scopus_id/77957306665 HTTP/1.1" 200 None
(ProcessStart) Starting new HTTP connection (1): nzauproxy.springer-sbm.com
(ProcessStart) Starting new HTTP connection (1): nzauproxy.springer-sbm.com
(ProcessStart) Starting new HTTP connection (1): nzauproxy.springer-sbm.com
(ProcessStart) Starting new HTTP connection (1): nzauproxy.springer-sbm.com
(ProcessStart) "GET http://api.elsevier.com/content/abstract/scopus_id/84863234112 HTTP/1.1" 200 None
(ProcessStart) "GET http://api.elsevier.com/content/search/scopus?query=AU-ID(55708139500) HTTP/1.1" 200 1111
(ProcessStart) Starting new HTTP connection (1): nzauproxy.springer-sbm.com
(ProcessStart) Starting new HTTP connection (1): nzauproxy.springer-sbm.com
(ProcessStart) "GET http://api.elsevier.com/content/author/author_id/55926979500 HTTP/1.1" 200 1667
(ProcessStart) "GET http://api.elsevier.com/content/search/scopus?query=AU-ID(24366494600) HTTP/1.1" 200 4345
(ProcessStart) Starting new HTTP connection (1): nzauproxy.springer-sbm.com
(ProcessStart) Starting new HTTP connection (1): nzauproxy.springer-sbm.com
(ProcessStart) "GET http://api.elsevier.com/content/author/author_id/6602162152 HTTP/1.1" 200 2877
(ProcessStart) Starting new HTTP connection (1): nzauproxy.springer-sbm.com
(ProcessStart) "GET http://api.elsevier.com/content/abstract/scopus_id/77957306665 HTTP/1.1" 200 None
(ProcessStart) "GET http://api.elsevier.com/content/author/author_id/55566602700 HTTP/1.1" 200 None
(ProcessStart) "GET http://api.elsevier.com/content/abstract/scopus_id/84883729530 HTTP/1.1" 200 3828
(ProcessStart) "GET http://api.elsevier.com/content/abstract/scopus_id/77956477935 HTTP/1.1" 200 4240
(ProcessStart) Starting new HTTP connection (1): nzauproxy.springer-sbm.com
(ProcessStart) "GET http://api.elsevier.com/content/abstract/scopus_id/78649745842 HTTP/1.1" 200 4371
(ProcessStart) Starting new HTTP connection (1): nzauproxy.springer-sbm.com
(ProcessStart) Starting new HTTP connection (1): nzauproxy.springer-sbm.com
(ProcessStart) Starting new HTTP connection (1): nzauproxy.springer-sbm.com
(ProcessStart) Starting new HTTP connection (1): nzauproxy.springer-sbm.com
(ProcessStart) "GET http://api.elsevier.com/content/author/author_id/6701309279 HTTP/1.1" 200 2711
(ProcessStart) Starting new HTTP connection (1): nzauproxy.springer-sbm.com
(ProcessStart) "GET http://api.elsevier.com/content/search/scopus?query=AU-ID(55733490900) HTTP/1.1" 200 3141
(ProcessStart) "GET http://api.elsevier.com/content/abstract/scopus_id/84883729530 HTTP/1.1" 200 3828
(ProcessStart) "GET http://api.elsevier.com/content/author/author_id/49361587600 HTTP/1.1" 200 2087
(ProcessStart) Starting new HTTP connection (1): nzauproxy.springer-sbm.com
(ProcessStart) Starting new HTTP connection (1): nzauproxy.springer-sbm.com
(ProcessStart) Starting new HTTP connection (1): nzauproxy.springer-sbm.com
(ProcessStart) Starting new HTTP connection (1): nzauproxy.springer-sbm.com
(ProcessStart) "GET http://api.elsevier.com/content/author/author_id/12790952000 HTTP/1.1" 200 1526
(ProcessStart) Starting new HTTP connection (1): nzauproxy.springer-sbm.com
(ProcessStart) "GET http://api.elsevier.com/content/search/scopus?query=AU-ID(7004502120) HTTP/1.1" 200 4815
(ProcessStart) "GET http://api.elsevier.com/content/search/scopus?query=AU-ID(6602162152) HTTP/1.1" 200 4126
(ProcessStart) "GET http://api.elsevier.com/content/search/scopus?query=AU-ID(6602162152) HTTP/1.1" 200 4126
(ProcessStart) Starting new HTTP connection (1): nzauproxy.springer-sbm.com
(ProcessStart) "GET http://api.elsevier.com/content/author/author_id/7404326840 HTTP/1.1" 200 3665
(ProcessStart) Starting new HTTP connection (1): nzauproxy.springer-sbm.com
(ProcessStart) "GET http://api.elsevier.com/content/author/author_id/7403530702 HTTP/1.1" 200 4487
(ProcessStart) "GET http://api.elsevier.com/content/search/scopus?query=AU-ID(55926979500) HTTP/1.1" 200 3024
(ProcessStart) "GET http://api.elsevier.com/content/search/scopus?query=AU-ID(6701309279) HTTP/1.1" 200 4175
(ProcessStart) Starting new HTTP connection (1): nzauproxy.springer-sbm.com
(ProcessStart) "GET http://api.elsevier.com/content/author/author_id/55721770300 HTTP/1.1" 200 2401
(ProcessStart) Starting new HTTP connection (1): nzauproxy.springer-sbm.com
(ProcessStart) Starting new HTTP connection (1): nzauproxy.springer-sbm.com
(ProcessStart) "GET http://api.elsevier.com/content/search/scopus?query=AU-ID(12790952000) HTTP/1.1" 200 1926
(ProcessStart) Starting new HTTP connection (1): nzauproxy.springer-sbm.com
(ProcessStart) "GET http://api.elsevier.com/content/author/author_id/55972480800 HTTP/1.1" 200 5783
(ProcessStart) Starting new HTTP connection (1): nzauproxy.springer-sbm.com
(ProcessStart) "GET http://api.elsevier.com/content/search/scopus?query=AU-ID(55721770300) HTTP/1.1" 200 4467
(ProcessStart) Starting new HTTP connection (1): nzauproxy.springer-sbm.com
(ProcessStart) "GET http://api.elsevier.com/content/author/author_id/9746052700 HTTP/1.1" 200 2909
(ProcessStart) Starting new HTTP connection (1): nzauproxy.springer-sbm.com
(ProcessStart) "GET http://api.elsevier.com/content/author/author_id/12790952000 HTTP/1.1" 200 1526
(ProcessStart) Starting new HTTP connection (1): nzauproxy.springer-sbm.com
(ProcessStart) "GET http://api.elsevier.com/content/search/scopus?query=AU-ID(49361587600) HTTP/1.1" 200 2650
(ProcessStart) "GET http://api.elsevier.com/content/author/author_id/35550224500 HTTP/1.1" 200 6280
(ProcessStart) Starting new HTTP connection (1): nzauproxy.springer-sbm.com
(ProcessStart) "GET http://api.elsevier.com/content/search/scopus?query=AU-ID(7404326840) HTTP/1.1" 200 4294
(ProcessStart) Starting new HTTP connection (1): nzauproxy.springer-sbm.com
(ProcessStart) Starting new HTTP connection (1): nzauproxy.springer-sbm.com
(ProcessStart) "GET http://api.elsevier.com/content/author/author_id/35106771500 HTTP/1.1" 200 1630
(ProcessStart) Starting new HTTP connection (1): nzauproxy.springer-sbm.com
(ProcessStart) "GET http://api.elsevier.com/content/author/author_id/55680743700 HTTP/1.1" 200 None
(ProcessStart) "GET http://api.elsevier.com/content/search/scopus?query=AU-ID(7403530702) HTTP/1.1" 200 4556
(ProcessStart) "GET http://api.elsevier.com/content/search/scopus?query=AU-ID(9746052700) HTTP/1.1" 200 4602
(ProcessStart) Starting new HTTP connection (1): nzauproxy.springer-sbm.com
(ProcessStart) Starting new HTTP connection (1): nzauproxy.springer-sbm.com
(ProcessStart) "GET http://api.elsevier.com/content/author/author_id/55370135100 HTTP/1.1" 200 1352
(ProcessStart) Starting new HTTP connection (1): nzauproxy.springer-sbm.com
(ProcessStart) "GET http://api.elsevier.com/content/search/scopus?query=AU-ID(35106771500) HTTP/1.1" 200 2131
(ProcessStart) Starting new HTTP connection (1): nzauproxy.springer-sbm.com
(ProcessStart) "GET http://api.elsevier.com/content/search/scopus?query=AU-ID(12790952000) HTTP/1.1" 200 1926
(ProcessStart) "GET http://api.elsevier.com/content/author/author_id/7006384707 HTTP/1.1" 200 3014
(ProcessStart) Starting new HTTP connection (1): nzauproxy.springer-sbm.com
(ProcessStart) Starting new HTTP connection (1): nzauproxy.springer-sbm.com
(ProcessStart) "GET http://api.elsevier.com/content/search/scopus?query=AU-ID(55370135100) HTTP/1.1" 200 1666
(ProcessStart) "GET http://api.elsevier.com/content/author/author_id/35572364600 HTTP/1.1" 200 7581
(ProcessStart) "GET http://api.elsevier.com/content/author/author_id/36562822500 HTTP/1.1" 200 5258
(ProcessStart) Starting new HTTP connection (1): nzauproxy.springer-sbm.com
(ProcessStart) Starting new HTTP connection (1): nzauproxy.springer-sbm.com
(ProcessStart) Starting new HTTP connection (1): nzauproxy.springer-sbm.com
(ProcessStart) "GET http://api.elsevier.com/content/author/author_id/7401538483 HTTP/1.1" 200 5042
(ProcessStart) Starting new HTTP connection (1): nzauproxy.springer-sbm.com
(ProcessStart) "GET http://api.elsevier.com/content/author/author_id/7007112042 HTTP/1.1" 200 2334
(ProcessStart) Starting new HTTP connection (1): nzauproxy.springer-sbm.com
(ProcessStart) "GET http://api.elsevier.com/content/author/author_id/16032744300 HTTP/1.1" 200 1164
(ProcessStart) Starting new HTTP connection (1): nzauproxy.springer-sbm.com
(ProcessStart) "GET http://api.elsevier.com/content/author/author_id/24464246600 HTTP/1.1" 200 2322
(ProcessStart) "GET http://api.elsevier.com/content/search/scopus?query=AU-ID(7006384707) HTTP/1.1" 200 4132
(ProcessStart) "GET http://api.elsevier.com/content/author/author_id/7402881159 HTTP/1.1" 200 5721
(ProcessStart) Starting new HTTP connection (1): nzauproxy.springer-sbm.com
(ProcessStart) "GET http://api.elsevier.com/content/search/scopus?query=AU-ID(36562822500) HTTP/1.1" 200 5071
(ProcessStart) Starting new HTTP connection (1): nzauproxy.springer-sbm.com
(ProcessStart) Starting new HTTP connection (1): nzauproxy.springer-sbm.com
(ProcessStart) "GET http://api.elsevier.com/content/search/scopus?query=AU-ID(16032744300) HTTP/1.1" 200 981
(ProcessStart) Starting new HTTP connection (1): nzauproxy.springer-sbm.com
(ProcessStart) "GET http://api.elsevier.com/content/author/author_id/55195119700 HTTP/1.1" 200 1042
(ProcessStart) Starting new HTTP connection (1): nzauproxy.springer-sbm.com
(ProcessStart) "GET http://api.elsevier.com/content/author/author_id/35565843100 HTTP/1.1" 200 2144
(ProcessStart) Starting new HTTP connection (1): nzauproxy.springer-sbm.com
(ProcessStart) "GET http://api.elsevier.com/content/search/scopus?query=AU-ID(7007112042) HTTP/1.1" 200 4154
(ProcessStart) Starting new HTTP connection (1): nzauproxy.springer-sbm.com
(ProcessStart) "GET http://api.elsevier.com/content/author/author_id/55628590197 HTTP/1.1" 200 1331
(ProcessStart) Starting new HTTP connection (1): nzauproxy.springer-sbm.com
(ProcessStart) "GET http://api.elsevier.com/content/author/author_id/35550224500 HTTP/1.1" 200 6280
(ProcessStart) Starting new HTTP connection (1): nzauproxy.springer-sbm.com
(ProcessStart) "GET http://api.elsevier.com/content/author/author_id/24923851500 HTTP/1.1" 200 1571
(ProcessStart) "GET http://api.elsevier.com/content/author/author_id/16032744300 HTTP/1.1" 200 1164
(ProcessStart) Starting new HTTP connection (1): nzauproxy.springer-sbm.com
(ProcessStart) Starting new HTTP connection (1): nzauproxy.springer-sbm.com
(ProcessStart) "GET http://api.elsevier.com/content/search/scopus?query=AU-ID(55195119700) HTTP/1.1" 200 1118
(ProcessStart) Starting new HTTP connection (1): nzauproxy.springer-sbm.com
(ProcessStart) "GET http://api.elsevier.com/content/search/scopus?query=AU-ID(24464246600) HTTP/1.1" 200 3257
(ProcessStart) Starting new HTTP connection (1): nzauproxy.springer-sbm.com
(ProcessStart) "GET http://api.elsevier.com/content/search/scopus?query=AU-ID(55628590197) HTTP/1.1" 200 928
(ProcessStart) Starting new HTTP connection (1): nzauproxy.springer-sbm.com
(ProcessStart) "GET http://api.elsevier.com/content/author/author_id/8611455800 HTTP/1.1" 200 2808
(ProcessStart) "GET http://api.elsevier.com/content/author/author_id/6603102182 HTTP/1.1" 200 2792
(ProcessStart) Starting new HTTP connection (1): nzauproxy.springer-sbm.com
(ProcessStart) Starting new HTTP connection (1): nzauproxy.springer-sbm.com
(ProcessStart) "GET http://api.elsevier.com/content/search/scopus?query=AU-ID(35565843100) HTTP/1.1" 200 4480
(ProcessStart) "GET http://api.elsevier.com/content/search/scopus?query=AU-ID(16032744300) HTTP/1.1" 200 981
(ProcessStart) Starting new HTTP connection (1): nzauproxy.springer-sbm.com
(ProcessStart) Starting new HTTP connection (1): nzauproxy.springer-sbm.com
(ProcessStart) "GET http://api.elsevier.com/content/author/author_id/24464246600 HTTP/1.1" 200 2322
(ProcessStart) Starting new HTTP connection (1): nzauproxy.springer-sbm.com
(ProcessStart) "GET http://api.elsevier.com/content/author/author_id/55708139500 HTTP/1.1" 200 1097
(ProcessStart) Starting new HTTP connection (1): nzauproxy.springer-sbm.com
(ProcessStart) "GET http://api.elsevier.com/content/author/author_id/55926979500 HTTP/1.1" 200 1667
(ProcessStart) "GET http://api.elsevier.com/content/author/author_id/8611455800 HTTP/1.1" 200 2808
(ProcessStart) "GET http://api.elsevier.com/content/search/scopus?query=AU-ID(24923851500) HTTP/1.1" 200 1857
(ProcessStart) Starting new HTTP connection (1): nzauproxy.springer-sbm.com
(ProcessStart) Starting new HTTP connection (1): nzauproxy.springer-sbm.com
(ProcessStart) "GET http://api.elsevier.com/content/search/scopus?query=AU-ID(6603102182) HTTP/1.1" 200 4456
(ProcessStart) Starting new HTTP connection (1): nzauproxy.springer-sbm.com
(ProcessStart) "GET http://api.elsevier.com/content/search/scopus?query=AU-ID(55708139500) HTTP/1.1" 200 1111
(ProcessStart) "GET http://api.elsevier.com/content/author/author_id/35565843100 HTTP/1.1" 200 2144
(ProcessStart) Starting new HTTP connection (1): nzauproxy.springer-sbm.com
(ProcessStart) Starting new HTTP connection (1): nzauproxy.springer-sbm.com
(ProcessStart) "GET http://api.elsevier.com/content/author/author_id/56220635000 HTTP/1.1" 200 1290
(ProcessStart) Starting new HTTP connection (1): nzauproxy.springer-sbm.com
(ProcessStart) "GET http://api.elsevier.com/content/search/scopus?query=AU-ID(8611455800) HTTP/1.1" 200 4359
(ProcessStart) "GET http://api.elsevier.com/content/search/scopus?query=AU-ID(55926979500) HTTP/1.1" 200 3024
(Thread-3 ) Internal Server Error: /scopus/
Traceback (most recent call last):
  File "D:\SanjeevRai\PythonTest\DRF\ReviewerFinder\env\lib\site-packages\django\core\handlers\base.py", line 149, in get_response
    response = self.process_exception_by_middleware(e, request)
  File "D:\SanjeevRai\PythonTest\DRF\ReviewerFinder\env\lib\site-packages\django\core\handlers\base.py", line 147, in get_response
    response = wrapped_callback(request, *callback_args, **callback_kwargs)
  File "D:\SanjeevRai\PythonTest\DRF\ReviewerFinder\env\lib\site-packages\django\views\decorators\csrf.py", line 58, in wrapped_view
    return view_func(*args, **kwargs)
  File "D:\SanjeevRai\PythonTest\DRF\ReviewerFinder\env\lib\site-packages\django\views\generic\base.py", line 68, in view
    return self.dispatch(request, *args, **kwargs)
  File "D:\SanjeevRai\PythonTest\DRF\ReviewerFinder\env\lib\site-packages\rest_framework\views.py", line 466, in dispatch
    response = self.handle_exception(exc)
  File "D:\SanjeevRai\PythonTest\DRF\ReviewerFinder\env\lib\site-packages\rest_framework\views.py", line 463, in dispatch
    response = handler(request, *args, **kwargs)
  File "D:\SanjeevRai\PythonTest\DRF\ReviewerFinder\ReviewerFinderProject\scopus\views.py", line 62, in get
    threading._shutdown()
  File "c:\python34\Lib\threading.py", line 1279, in _shutdown
    assert tlock is not None
AssertionError
(ProcessStart) "GET http://api.elsevier.com/content/author/author_id/48160949500 HTTP/1.1" 200 2211
(ProcessStart) "GET http://api.elsevier.com/content/author/author_id/26533639100 HTTP/1.1" 200 4352
(ProcessStart) Starting new HTTP connection (1): nzauproxy.springer-sbm.com
(ProcessStart) Starting new HTTP connection (1): nzauproxy.springer-sbm.com
(ProcessStart) "GET http://api.elsevier.com/content/search/scopus?query=AU-ID(8611455800) HTTP/1.1" 200 4359
(ProcessStart) "GET http://api.elsevier.com/content/author/author_id/35775715700 HTTP/1.1" 200 1879
(ProcessStart) Starting new HTTP connection (1): nzauproxy.springer-sbm.com
(ProcessStart) "GET http://api.elsevier.com/content/search/scopus?query=AU-ID(24464246600) HTTP/1.1" 200 3257
(ProcessStart) "GET http://api.elsevier.com/content/author/author_id/37104923100 HTTP/1.1" 200 2039
(ProcessStart) Starting new HTTP connection (1): nzauproxy.springer-sbm.com
(ProcessStart) "GET http://api.elsevier.com/content/author/author_id/35106771500 HTTP/1.1" 200 1630
(ProcessStart) "GET http://api.elsevier.com/content/author/author_id/8635339100 HTTP/1.1" 200 1527
(ProcessStart) "GET http://api.elsevier.com/content/author/author_id/7102181469 HTTP/1.1" 200 2586
(ProcessStart) Starting new HTTP connection (1): nzauproxy.springer-sbm.com
(ProcessStart) Starting new HTTP connection (1): nzauproxy.springer-sbm.com
(ProcessStart) Starting new HTTP connection (1): nzauproxy.springer-sbm.com
(ProcessStart) Starting new HTTP connection (1): nzauproxy.springer-sbm.com
(ProcessStart) "GET http://api.elsevier.com/content/search/scopus?query=AU-ID(35565843100) HTTP/1.1" 200 4480
(ProcessStart) "GET http://api.elsevier.com/content/search/scopus?query=AU-ID(48160949500) HTTP/1.1" 200 3336
(ProcessStart) Starting new HTTP connection (1): nzauproxy.springer-sbm.com
(ProcessStart) "GET http://api.elsevier.com/content/author/author_id/7403728782 HTTP/1.1" 200 4016
(ProcessStart) "GET http://api.elsevier.com/content/author/author_id/8635339100 HTTP/1.1" 200 1527
(ProcessStart) Starting new HTTP connection (1): nzauproxy.springer-sbm.com
(ProcessStart) "GET http://api.elsevier.com/content/author/author_id/7401538483 HTTP/1.1" 200 5042
(ProcessStart) "GET http://api.elsevier.com/content/author/author_id/55972480800 HTTP/1.1" 200 5783
(ProcessStart) Starting new HTTP connection (1): nzauproxy.springer-sbm.com
(ProcessStart) "GET http://api.elsevier.com/content/search/scopus?query=AU-ID(56220635000) HTTP/1.1" 200 2399
(ProcessStart) Starting new HTTP connection (1): nzauproxy.springer-sbm.com
(ProcessStart) Starting new HTTP connection (1): nzauproxy.springer-sbm.com
(ProcessStart) "GET http://api.elsevier.com/content/search/scopus?query=AU-ID(8635339100) HTTP/1.1" 200 1907
(ProcessStart) Starting new HTTP connection (1): nzauproxy.springer-sbm.com
(ProcessStart) "GET http://api.elsevier.com/content/author/author_id/6701745308 HTTP/1.1" 200 4070
(ProcessStart) "GET http://api.elsevier.com/content/author/author_id/6701346601 HTTP/1.1" 200 5885
(ProcessStart) Starting new HTTP connection (1): nzauproxy.springer-sbm.com
(ProcessStart) "GET http://api.elsevier.com/content/search/scopus?query=AU-ID(35106771500) HTTP/1.1" 200 2131
(ProcessStart) Starting new HTTP connection (1): nzauproxy.springer-sbm.com
(ProcessStart) Starting new HTTP connection (1): nzauproxy.springer-sbm.com
(ProcessStart) "GET http://api.elsevier.com/content/search/scopus?query=AU-ID(35775715700) HTTP/1.1" 200 3101
(ProcessStart) "GET http://api.elsevier.com/content/author/author_id/35754177400 HTTP/1.1" 200 1135
(ProcessStart) Starting new HTTP connection (1): nzauproxy.springer-sbm.com
(ProcessStart) "GET http://api.elsevier.com/content/search/scopus?query=AU-ID(37104923100) HTTP/1.1" 200 4222
(ProcessStart) "GET http://api.elsevier.com/content/author/author_id/55538054700 HTTP/1.1" 200 None
(ProcessStart) "GET http://api.elsevier.com/content/author/author_id/7801341832 HTTP/1.1" 200 2900
(ProcessStart) "GET http://api.elsevier.com/content/author/author_id/7404326840 HTTP/1.1" 200 3665
(ProcessStart) Starting new HTTP connection (1): nzauproxy.springer-sbm.com
(ProcessStart) "GET http://api.elsevier.com/content/search/scopus?query=AU-ID(8635339100) HTTP/1.1" 200 1907
(ProcessStart) Starting new HTTP connection (1): nzauproxy.springer-sbm.com
(ProcessStart) Starting new HTTP connection (1): nzauproxy.springer-sbm.com
(ProcessStart) "GET http://api.elsevier.com/content/author/author_id/7102181469 HTTP/1.1" 200 2586
(ProcessStart) Starting new HTTP connection (1): nzauproxy.springer-sbm.com
(ProcessStart) "GET http://api.elsevier.com/content/search/scopus?query=AU-ID(6701745308) HTTP/1.1" 200 5134
(ProcessStart) "GET http://api.elsevier.com/content/search/scopus?query=AU-ID(7102181469) HTTP/1.1" 200 4561
(ProcessStart) "GET http://api.elsevier.com/content/author/author_id/26022767100 HTTP/1.1" 200 2433
(ProcessStart) "GET http://api.elsevier.com/content/search/scopus?query=AU-ID(35754177400) HTTP/1.1" 200 1004
(ProcessStart) Starting new HTTP connection (1): nzauproxy.springer-sbm.com
(ProcessStart) Starting new HTTP connection (1): nzauproxy.springer-sbm.com
(ProcessStart) "GET http://api.elsevier.com/content/author/author_id/6701745308 HTTP/1.1" 200 4070
(ProcessStart) Starting new HTTP connection (1): nzauproxy.springer-sbm.com
(ProcessStart) "GET http://api.elsevier.com/content/search/scopus?query=AU-ID(7801341832) HTTP/1.1" 200 4406
(ProcessStart) "GET http://api.elsevier.com/content/author/author_id/20735859900 HTTP/1.1" 200 1531
(ProcessStart) Starting new HTTP connection (1): nzauproxy.springer-sbm.com
(ProcessStart) "GET http://api.elsevier.com/content/author/author_id/36063457600 HTTP/1.1" 200 None
(ProcessStart) "GET http://api.elsevier.com/content/search/scopus?query=AU-ID(26022767100) HTTP/1.1" 200 4284
(ProcessStart) "GET http://api.elsevier.com/content/search/scopus?query=AU-ID(7404326840) HTTP/1.1" 200 4294
(ProcessStart) "GET http://api.elsevier.com/content/search/scopus?query=AU-ID(7102181469) HTTP/1.1" 200 4561
(ProcessStart) "GET http://api.elsevier.com/content/author/author_id/55680743700 HTTP/1.1" 200 None
(ProcessStart) Starting new HTTP connection (1): nzauproxy.springer-sbm.com
(ProcessStart) Starting new HTTP connection (1): nzauproxy.springer-sbm.com
(ProcessStart) "GET http://api.elsevier.com/content/author/author_id/35754177400 HTTP/1.1" 200 1135
(ProcessStart) Starting new HTTP connection (1): nzauproxy.springer-sbm.com
(ProcessStart) "GET http://api.elsevier.com/content/author/author_id/26022767100 HTTP/1.1" 200 2433
(ProcessStart) Starting new HTTP connection (1): nzauproxy.springer-sbm.com
(ProcessStart) "GET http://api.elsevier.com/content/search/scopus?query=AU-ID(6701745308) HTTP/1.1" 200 5134
(ProcessStart) "GET http://api.elsevier.com/content/author/author_id/7404490046 HTTP/1.1" 200 1649
(ProcessStart) Starting new HTTP connection (1): nzauproxy.springer-sbm.com
(ProcessStart) "GET http://api.elsevier.com/content/search/scopus?query=AU-ID(20735859900) HTTP/1.1" 200 1923
(ProcessStart) Starting new HTTP connection (1): nzauproxy.springer-sbm.com
(ProcessStart) "GET http://api.elsevier.com/content/author/author_id/36063457600 HTTP/1.1" 200 None
(ProcessStart) "GET http://api.elsevier.com/content/author/author_id/24923851500 HTTP/1.1" 200 1571
(ProcessStart) Starting new HTTP connection (1): nzauproxy.springer-sbm.com
(ProcessStart) "GET http://api.elsevier.com/content/search/scopus?query=AU-ID(35754177400) HTTP/1.1" 200 1004
(ProcessStart) Starting new HTTP connection (1): nzauproxy.springer-sbm.com
(ProcessStart) "GET http://api.elsevier.com/content/author/author_id/55628574244 HTTP/1.1" 200 1828
(ProcessStart) Starting new HTTP connection (1): nzauproxy.springer-sbm.com
(ProcessStart) "GET http://api.elsevier.com/content/search/scopus?query=AU-ID(26022767100) HTTP/1.1" 200 4284
(ProcessStart) "GET http://api.elsevier.com/content/author/author_id/35550224500 HTTP/1.1" 200 6280
(ProcessStart) "GET http://api.elsevier.com/content/author/author_id/24391645300 HTTP/1.1" 200 1590
(ProcessStart) Starting new HTTP connection (1): nzauproxy.springer-sbm.com
(ProcessStart) "GET http://api.elsevier.com/content/search/scopus?query=AU-ID(7404490046) HTTP/1.1" 200 1921
(ProcessStart) Starting new HTTP connection (1): nzauproxy.springer-sbm.com
(ProcessStart) "GET http://api.elsevier.com/content/author/author_id/26647348500 HTTP/1.1" 200 3974
(ProcessStart) "GET http://api.elsevier.com/content/search/scopus?query=AU-ID(24923851500) HTTP/1.1" 200 1857
(ProcessStart) Starting new HTTP connection (1): nzauproxy.springer-sbm.com
(ProcessStart) "GET http://api.elsevier.com/content/author/author_id/24391645300 HTTP/1.1" 200 1590
(ProcessStart) Starting new HTTP connection (1): nzauproxy.springer-sbm.com
(ProcessStart) "GET http://api.elsevier.com/content/search/scopus?query=AU-ID(55628574244) HTTP/1.1" 200 2120
(ProcessStart) "GET http://api.elsevier.com/content/author/author_id/56003097800 HTTP/1.1" 200 None
(ProcessStart) "GET http://api.elsevier.com/content/author/author_id/7003281540 HTTP/1.1" 200 4781
(ProcessStart) Starting new HTTP connection (1): nzauproxy.springer-sbm.com
(ProcessStart) "GET http://api.elsevier.com/content/search/scopus?query=AU-ID(24391645300) HTTP/1.1" 200 1840
(ProcessStart) "GET http://api.elsevier.com/content/search/scopus?query=AU-ID(24391645300) HTTP/1.1" 200 1840
(ProcessStart) "GET http://api.elsevier.com/content/author/author_id/55538054700 HTTP/1.1" 200 None
(ProcessStart) "GET http://api.elsevier.com/content/author/author_id/26533639100 HTTP/1.1" 200 4352
(ProcessStart) Starting new HTTP connection (1): nzauproxy.springer-sbm.com
(ProcessStart) "GET http://api.elsevier.com/content/author/author_id/13310251600 HTTP/1.1" 200 4420
(ProcessStart) Starting new HTTP connection (1): nzauproxy.springer-sbm.com
(ProcessStart) "GET http://api.elsevier.com/content/author/author_id/8547688000 HTTP/1.1" 200 3976
(ProcessStart) "GET http://api.elsevier.com/content/author/author_id/8611455800 HTTP/1.1" 200 2808
(ProcessStart) Starting new HTTP connection (1): nzauproxy.springer-sbm.com
(ProcessStart) Starting new HTTP connection (1): nzauproxy.springer-sbm.com
(ProcessStart) "GET http://api.elsevier.com/content/author/author_id/13310251600 HTTP/1.1" 200 4420
(ProcessStart) "GET http://api.elsevier.com/content/author/author_id/7403530702 HTTP/1.1" 200 4487
(ProcessStart) Starting new HTTP connection (1): nzauproxy.springer-sbm.com
(ProcessStart) Starting new HTTP connection (1): nzauproxy.springer-sbm.com
(ProcessStart) "GET http://api.elsevier.com/content/search/scopus?query=AU-ID(8611455800) HTTP/1.1" 200 4359
(ProcessStart) "GET http://api.elsevier.com/content/author/author_id/35550224500 HTTP/1.1" 200 6280
(ProcessStart) "GET http://api.elsevier.com/content/search/scopus?query=AU-ID(7403530702) HTTP/1.1" 200 4556
(ProcessStart) "GET http://api.elsevier.com/content/author/author_id/51061115800 HTTP/1.1" 200 1850
(ProcessStart) Starting new HTTP connection (1): nzauproxy.springer-sbm.com
(ProcessStart) "GET http://api.elsevier.com/content/author/author_id/55566602700 HTTP/1.1" 200 None
(ProcessStart) "GET http://api.elsevier.com/content/author/author_id/26662468200 HTTP/1.1" 200 2366
(ProcessStart) "GET http://api.elsevier.com/content/author/author_id/8704230000 HTTP/1.1" 200 4236
(ProcessStart) Starting new HTTP connection (1): nzauproxy.springer-sbm.com
(ProcessStart) "GET http://api.elsevier.com/content/search/scopus?query=AU-ID(51061115800) HTTP/1.1" 200 4167
(ProcessStart) "GET http://api.elsevier.com/content/author/author_id/26647348500 HTTP/1.1" 200 3974
(ProcessStart) Starting new HTTP connection (1): nzauproxy.springer-sbm.com
(ProcessStart) "GET http://api.elsevier.com/content/search/scopus?query=AU-ID(26662468200) HTTP/1.1" 200 4553
(ProcessStart) "GET http://api.elsevier.com/content/author/author_id/56003097800 HTTP/1.1" 200 None
(ProcessStart) "GET http://api.elsevier.com/content/author/author_id/26662468200 HTTP/1.1" 200 2366
(ProcessStart) Starting new HTTP connection (1): nzauproxy.springer-sbm.com
(ProcessStart) Starting new HTTP connection (1): nzauproxy.springer-sbm.com
(ProcessStart) "GET http://api.elsevier.com/content/search/scopus?query=AU-ID(26662468200) HTTP/1.1" 200 4553
(ProcessStart) "GET http://api.elsevier.com/content/author/author_id/8704230000 HTTP/1.1" 200 4236
(Thread-1 ) Starting new HTTP connection (1): nzauproxy.springer-sbm.com
(Thread-1 ) "GET http://api.elsevier.com/content/search/scopus?query=TITLE-ABS-KEY(micro) HTTP/1.1" 200 5605
(ProcessStart) Starting new HTTP connection (1): nzauproxy.springer-sbm.com
(ProcessStart) Starting new HTTP connection (1): nzauproxy.springer-sbm.com
(ProcessStart) Starting new HTTP connection (1): nzauproxy.springer-sbm.com
(ProcessStart) Starting new HTTP connection (1): nzauproxy.springer-sbm.com
(ProcessStart) Starting new HTTP connection (1): nzauproxy.springer-sbm.com
(ProcessStart) Starting new HTTP connection (1): nzauproxy.springer-sbm.com
(ProcessStart) Starting new HTTP connection (1): nzauproxy.springer-sbm.com
(ProcessStart) Starting new HTTP connection (1): nzauproxy.springer-sbm.com
(ProcessStart) Starting new HTTP connection (1): nzauproxy.springer-sbm.com
(ProcessStart) Starting new HTTP connection (1): nzauproxy.springer-sbm.com
(ProcessStart) Starting new HTTP connection (1): nzauproxy.springer-sbm.com
(ProcessStart) Starting new HTTP connection (1): nzauproxy.springer-sbm.com
(ProcessStart) Starting new HTTP connection (1): nzauproxy.springer-sbm.com
(ProcessStart) Starting new HTTP connection (1): nzauproxy.springer-sbm.com
(ProcessStart) Starting new HTTP connection (1): nzauproxy.springer-sbm.com
(ProcessStart) Starting new HTTP connection (1): nzauproxy.springer-sbm.com
(ProcessStart) Starting new HTTP connection (1): nzauproxy.springer-sbm.com
(ProcessStart) Starting new HTTP connection (1): nzauproxy.springer-sbm.com
(ProcessStart) Starting new HTTP connection (1): nzauproxy.springer-sbm.com
(ProcessStart) Starting new HTTP connection (1): nzauproxy.springer-sbm.com
(ProcessStart) Starting new HTTP connection (1): nzauproxy.springer-sbm.com
(ProcessStart) Starting new HTTP connection (1): nzauproxy.springer-sbm.com
(ProcessStart) Starting new HTTP connection (1): nzauproxy.springer-sbm.com
(ProcessStart) Starting new HTTP connection (1): nzauproxy.springer-sbm.com
(ProcessStart) Starting new HTTP connection (1): nzauproxy.springer-sbm.com
(ProcessStart) "GET http://api.elsevier.com/content/abstract/scopus_id/84883729530 HTTP/1.1" 200 3828
(ProcessStart) Starting new HTTP connection (1): nzauproxy.springer-sbm.com
(ProcessStart) "GET http://api.elsevier.com/content/abstract/scopus_id/84920532475 HTTP/1.1" 200 3186
(ProcessStart) "GET http://api.elsevier.com/content/abstract/scopus_id/58849130746 HTTP/1.1" 200 3641
(ProcessStart) Starting new HTTP connection (1): nzauproxy.springer-sbm.com
(ProcessStart) Starting new HTTP connection (1): nzauproxy.springer-sbm.com
(ProcessStart) "GET http://api.elsevier.com/content/abstract/scopus_id/84929462731 HTTP/1.1" 200 4589
(ProcessStart) Starting new HTTP connection (1): nzauproxy.springer-sbm.com
(ProcessStart) "GET http://api.elsevier.com/content/author/author_id/8635339100 HTTP/1.1" 200 1527
(ProcessStart) Starting new HTTP connection (1): nzauproxy.springer-sbm.com
(ProcessStart) "GET http://api.elsevier.com/content/abstract/scopus_id/84863226468 HTTP/1.1" 200 6597
(ProcessStart) "GET http://api.elsevier.com/content/abstract/scopus_id/57149104790 HTTP/1.1" 200 None
(ProcessStart) "GET http://api.elsevier.com/content/author/author_id/24366494600 HTTP/1.1" 200 3159
(ProcessStart) "GET http://api.elsevier.com/content/author/author_id/6701309279 HTTP/1.1" 200 2711
(ProcessStart) Starting new HTTP connection (1): nzauproxy.springer-sbm.com
(ProcessStart) Starting new HTTP connection (1): nzauproxy.springer-sbm.com
(ProcessStart) Starting new HTTP connection (1): nzauproxy.springer-sbm.com
(ProcessStart) Starting new HTTP connection (1): nzauproxy.springer-sbm.com
(ProcessStart) "GET http://api.elsevier.com/content/author/author_id/55370135100 HTTP/1.1" 200 1352
(ProcessStart) Starting new HTTP connection (1): nzauproxy.springer-sbm.com
(ProcessStart) "GET http://api.elsevier.com/content/search/scopus?query=AU-ID(8635339100) HTTP/1.1" 200 1907
(ProcessStart) Starting new HTTP connection (1): nzauproxy.springer-sbm.com
(ProcessStart) "GET http://api.elsevier.com/content/abstract/scopus_id/84860112958 HTTP/1.1" 200 3781
(ProcessStart) Starting new HTTP connection (1): nzauproxy.springer-sbm.com
(ProcessStart) "GET http://api.elsevier.com/content/search/scopus?query=AU-ID(6701309279) HTTP/1.1" 200 4175
(ProcessStart) "GET http://api.elsevier.com/content/abstract/scopus_id/71749093988 HTTP/1.1" 200 5892
(ProcessStart) "GET http://api.elsevier.com/content/author/author_id/36562822500 HTTP/1.1" 200 5258
(ProcessStart) "GET http://api.elsevier.com/content/abstract/scopus_id/77956477935 HTTP/1.1" 200 4240
(ProcessStart) Starting new HTTP connection (1): nzauproxy.springer-sbm.com
(ProcessStart) "GET http://api.elsevier.com/content/author/author_id/55993292200 HTTP/1.1" 200 6793
(ProcessStart) "GET http://api.elsevier.com/content/abstract/scopus_id/0035486107 HTTP/1.1" 200 2695
(ProcessStart) Starting new HTTP connection (1): nzauproxy.springer-sbm.com
(ProcessStart) Starting new HTTP connection (1): nzauproxy.springer-sbm.com
(ProcessStart) Starting new HTTP connection (1): nzauproxy.springer-sbm.com
(ProcessStart) "GET http://api.elsevier.com/content/search/scopus?query=AU-ID(24366494600) HTTP/1.1" 200 4345
(ProcessStart) Starting new HTTP connection (1): nzauproxy.springer-sbm.com
(ProcessStart) Starting new HTTP connection (1): nzauproxy.springer-sbm.com
(ProcessStart) "GET http://api.elsevier.com/content/search/scopus?query=AU-ID(55370135100) HTTP/1.1" 200 1666
(ProcessStart) Starting new HTTP connection (1): nzauproxy.springer-sbm.com
(ProcessStart) "GET http://api.elsevier.com/content/author/author_id/13310251600 HTTP/1.1" 200 4420
(ProcessStart) "GET http://api.elsevier.com/content/abstract/scopus_id/46149107066 HTTP/1.1" 200 4193
(ProcessStart) "GET http://api.elsevier.com/content/abstract/scopus_id/40849142613 HTTP/1.1" 200 4931
(ProcessStart) Starting new HTTP connection (1): nzauproxy.springer-sbm.com
(ProcessStart) Starting new HTTP connection (1): nzauproxy.springer-sbm.com
(ProcessStart) Starting new HTTP connection (1): nzauproxy.springer-sbm.com
(ProcessStart) "GET http://api.elsevier.com/content/search/scopus?query=AU-ID(36562822500) HTTP/1.1" 200 5071
(ProcessStart) "GET http://api.elsevier.com/content/author/author_id/55721770300 HTTP/1.1" 200 2401
(ProcessStart) Starting new HTTP connection (1): nzauproxy.springer-sbm.com
(ProcessStart) "GET http://api.elsevier.com/content/abstract/scopus_id/77949574942 HTTP/1.1" 200 3319
(ProcessStart) Starting new HTTP connection (1): nzauproxy.springer-sbm.com
(ProcessStart) Starting new HTTP connection (1): nzauproxy.springer-sbm.com
(ProcessStart) "GET http://api.elsevier.com/content/author/author_id/55926979500 HTTP/1.1" 200 1667
(ProcessStart) Starting new HTTP connection (1): nzauproxy.springer-sbm.com
(ProcessStart) "GET http://api.elsevier.com/content/author/author_id/26662468200 HTTP/1.1" 200 2366
(ProcessStart) "GET http://api.elsevier.com/content/abstract/scopus_id/84856501456 HTTP/1.1" 200 4043
(ProcessStart) "GET http://api.elsevier.com/content/author/author_id/7404326840 HTTP/1.1" 200 3665
(ProcessStart) "GET http://api.elsevier.com/content/abstract/scopus_id/78650961091 HTTP/1.1" 200 3643
(ProcessStart) "GET http://api.elsevier.com/content/abstract/scopus_id/44949248986 HTTP/1.1" 200 3551
(ProcessStart) Starting new HTTP connection (1): nzauproxy.springer-sbm.com
(ProcessStart) Starting new HTTP connection (1): nzauproxy.springer-sbm.com
(ProcessStart) Starting new HTTP connection (1): nzauproxy.springer-sbm.com
(ProcessStart) Starting new HTTP connection (1): nzauproxy.springer-sbm.com
(ProcessStart) "GET http://api.elsevier.com/content/search/scopus?query=AU-ID(55721770300) HTTP/1.1" 200 4467
(ProcessStart) "GET http://api.elsevier.com/content/author/author_id/6603102182 HTTP/1.1" 200 2792
(ProcessStart) "GET http://api.elsevier.com/content/abstract/scopus_id/77649341254 HTTP/1.1" 200 4335
(ProcessStart) "GET http://api.elsevier.com/content/abstract/scopus_id/33645160045 HTTP/1.1" 200 5159
(ProcessStart) Starting new HTTP connection (1): nzauproxy.springer-sbm.com
(ProcessStart) "GET http://api.elsevier.com/content/search/scopus?query=AU-ID(55926979500) HTTP/1.1" 200 3024
(ProcessStart) Starting new HTTP connection (1): nzauproxy.springer-sbm.com
(ProcessStart) Starting new HTTP connection (1): nzauproxy.springer-sbm.com
(ProcessStart) Starting new HTTP connection (1): nzauproxy.springer-sbm.com
(ProcessStart) Starting new HTTP connection (1): nzauproxy.springer-sbm.com
(ProcessStart) Starting new HTTP connection (1): nzauproxy.springer-sbm.com
(ProcessStart) "GET http://api.elsevier.com/content/author/author_id/7007112042 HTTP/1.1" 200 2334
(ProcessStart) "GET http://api.elsevier.com/content/abstract/scopus_id/31744439478 HTTP/1.1" 200 6332
(ProcessStart) Starting new HTTP connection (1): nzauproxy.springer-sbm.com
(ProcessStart) Starting new HTTP connection (1): nzauproxy.springer-sbm.com
(ProcessStart) "GET http://api.elsevier.com/content/search/scopus?query=AU-ID(6603102182) HTTP/1.1" 200 4456
(ProcessStart) "GET http://api.elsevier.com/content/author/author_id/6602162152 HTTP/1.1" 200 2877
(ProcessStart) "GET http://api.elsevier.com/content/search/scopus?query=AU-ID(26662468200) HTTP/1.1" 200 4546
(ProcessStart) "GET http://api.elsevier.com/content/author/author_id/23111669700 HTTP/1.1" 200 2187
(ProcessStart) Starting new HTTP connection (1): nzauproxy.springer-sbm.com
(ProcessStart) "GET http://api.elsevier.com/content/author/author_id/48160949500 HTTP/1.1" 200 2211
(ProcessStart) "GET http://api.elsevier.com/content/abstract/scopus_id/61649091568 HTTP/1.1" 200 3941
(ProcessStart) "GET http://api.elsevier.com/content/abstract/scopus_id/84872451844 HTTP/1.1" 200 3515
(ProcessStart) Starting new HTTP connection (1): nzauproxy.springer-sbm.com
(ProcessStart) Starting new HTTP connection (1): nzauproxy.springer-sbm.com
(ProcessStart) "GET http://api.elsevier.com/content/search/scopus?query=AU-ID(7404326840) HTTP/1.1" 200 4294
(ProcessStart) Starting new HTTP connection (1): nzauproxy.springer-sbm.com
(ProcessStart) Starting new HTTP connection (1): nzauproxy.springer-sbm.com
(ProcessStart) Starting new HTTP connection (1): nzauproxy.springer-sbm.com
(ProcessStart) Starting new HTTP connection (1): nzauproxy.springer-sbm.com
(ProcessStart) "GET http://api.elsevier.com/content/abstract/scopus_id/78649745842 HTTP/1.1" 200 4371
(ProcessStart) "GET http://api.elsevier.com/content/author/author_id/7004502120 HTTP/1.1" 200 3511
(ProcessStart) Starting new HTTP connection (1): nzauproxy.springer-sbm.com
(ProcessStart) "GET http://api.elsevier.com/content/search/scopus?query=AU-ID(7007112042) HTTP/1.1" 200 4154
(ProcessStart) Starting new HTTP connection (1): nzauproxy.springer-sbm.com
(ProcessStart) "GET http://api.elsevier.com/content/author/author_id/7402881159 HTTP/1.1" 200 5721
(ProcessStart) Starting new HTTP connection (1): nzauproxy.springer-sbm.com
(ProcessStart) "GET http://api.elsevier.com/content/abstract/scopus_id/84869699215 HTTP/1.1" 200 3891
(ProcessStart) Starting new HTTP connection (1): nzauproxy.springer-sbm.com
(ProcessStart) Starting new HTTP connection (1): nzauproxy.springer-sbm.com
(ProcessStart) "GET http://api.elsevier.com/content/search/scopus?query=AU-ID(23111669700) HTTP/1.1" 200 3857
(ProcessStart) "GET http://api.elsevier.com/content/author/author_id/8611455800 HTTP/1.1" 200 2808
(ProcessStart) Starting new HTTP connection (1): nzauproxy.springer-sbm.com
(ProcessStart) "GET http://api.elsevier.com/content/author/author_id/35106771500 HTTP/1.1" 200 1630
(ProcessStart) "GET http://api.elsevier.com/content/search/scopus?query=AU-ID(6602162152) HTTP/1.1" 200 4126
(ProcessStart) Starting new HTTP connection (1): nzauproxy.springer-sbm.com
(ProcessStart) "GET http://api.elsevier.com/content/search/scopus?query=AU-ID(7004502120) HTTP/1.1" 200 4815
(ProcessStart) "GET http://api.elsevier.com/content/author/author_id/7404490046 HTTP/1.1" 200 1649
(ProcessStart) "GET http://api.elsevier.com/content/abstract/scopus_id/84863234112 HTTP/1.1" 200 None
(ProcessStart) Starting new HTTP connection (1): nzauproxy.springer-sbm.com
(ProcessStart) "GET http://api.elsevier.com/content/search/scopus?query=AU-ID(48160949500) HTTP/1.1" 200 3336
(ProcessStart) Starting new HTTP connection (1): nzauproxy.springer-sbm.com
(ProcessStart) "GET http://api.elsevier.com/content/author/author_id/55708139500 HTTP/1.1" 200 1097
(ProcessStart) Starting new HTTP connection (1): nzauproxy.springer-sbm.com
(ProcessStart) "GET http://api.elsevier.com/content/abstract/scopus_id/77957306665 HTTP/1.1" 200 None
(ProcessStart) Starting new HTTP connection (1): nzauproxy.springer-sbm.com
(ProcessStart) "GET http://api.elsevier.com/content/author/author_id/6701346601 HTTP/1.1" 200 5885
(ProcessStart) "GET http://api.elsevier.com/content/author/author_id/35775715700 HTTP/1.1" 200 1879
(ProcessStart) Starting new HTTP connection (1): nzauproxy.springer-sbm.com
(ProcessStart) Starting new HTTP connection (1): nzauproxy.springer-sbm.com
(ProcessStart) Starting new HTTP connection (1): nzauproxy.springer-sbm.com
(ProcessStart) "GET http://api.elsevier.com/content/search/scopus?query=AU-ID(35106771500) HTTP/1.1" 200 2131
(ProcessStart) Starting new HTTP connection (1): nzauproxy.springer-sbm.com
(ProcessStart) "GET http://api.elsevier.com/content/search/scopus?query=AU-ID(8611455800) HTTP/1.1" 200 4359
(ProcessStart) "GET http://api.elsevier.com/content/author/author_id/35754177400 HTTP/1.1" 200 1135
(ProcessStart) Starting new HTTP connection (1): nzauproxy.springer-sbm.com
(ProcessStart) "GET http://api.elsevier.com/content/search/scopus?query=AU-ID(7404490046) HTTP/1.1" 200 1921
(ProcessStart) Starting new HTTP connection (1): nzauproxy.springer-sbm.com
(ProcessStart) "GET http://api.elsevier.com/content/author/author_id/7401538483 HTTP/1.1" 200 5042
(ProcessStart) "GET http://api.elsevier.com/content/search/scopus?query=AU-ID(35775715700) HTTP/1.1" 200 3101
(ProcessStart) Starting new HTTP connection (1): nzauproxy.springer-sbm.com
(ProcessStart) "GET http://api.elsevier.com/content/author/author_id/37104923100 HTTP/1.1" 200 2039
(ProcessStart) Starting new HTTP connection (1): nzauproxy.springer-sbm.com
(ProcessStart) "GET http://api.elsevier.com/content/author/author_id/56220635000 HTTP/1.1" 200 1290
(ProcessStart) Starting new HTTP connection (1): nzauproxy.springer-sbm.com
(ProcessStart) "GET http://api.elsevier.com/content/search/scopus?query=AU-ID(55708139500) HTTP/1.1" 200 1111
(ProcessStart) Starting new HTTP connection (1): nzauproxy.springer-sbm.com
(ProcessStart) "GET http://api.elsevier.com/content/author/author_id/55195119700 HTTP/1.1" 200 1042
(ProcessStart) Starting new HTTP connection (1): nzauproxy.springer-sbm.com
(ProcessStart) "GET http://api.elsevier.com/content/search/scopus?query=AU-ID(35754177400) HTTP/1.1" 200 1004
(ProcessStart) Starting new HTTP connection (1): nzauproxy.springer-sbm.com
(ProcessStart) "GET http://api.elsevier.com/content/author/author_id/35572364600 HTTP/1.1" 200 7581
(ProcessStart) "GET http://api.elsevier.com/content/author/author_id/55566602700 HTTP/1.1" 200 None
(ProcessStart) "GET http://api.elsevier.com/content/author/author_id/7102181469 HTTP/1.1" 200 2586
(ProcessStart) Starting new HTTP connection (1): nzauproxy.springer-sbm.com
(ProcessStart) "GET http://api.elsevier.com/content/search/scopus?query=AU-ID(37104923100) HTTP/1.1" 200 4222
(ProcessStart) Starting new HTTP connection (1): nzauproxy.springer-sbm.com
(ProcessStart) "GET http://api.elsevier.com/content/author/author_id/12790952000 HTTP/1.1" 200 1526
(ProcessStart) Starting new HTTP connection (1): nzauproxy.springer-sbm.com
(ProcessStart) "GET http://api.elsevier.com/content/author/author_id/35550224500 HTTP/1.1" 200 6280
(ProcessStart) "GET http://api.elsevier.com/content/search/scopus?query=AU-ID(56220635000) HTTP/1.1" 200 2399
(ProcessStart) Starting new HTTP connection (1): nzauproxy.springer-sbm.com
(ProcessStart) "GET http://api.elsevier.com/content/author/author_id/16032744300 HTTP/1.1" 200 1164
(ProcessStart) Starting new HTTP connection (1): nzauproxy.springer-sbm.com
(ProcessStart) "GET http://api.elsevier.com/content/author/author_id/35565843100 HTTP/1.1" 200 2144
(ProcessStart) "GET http://api.elsevier.com/content/search/scopus?query=AU-ID(12790952000) HTTP/1.1" 200 1926
(ProcessStart) Starting new HTTP connection (1): nzauproxy.springer-sbm.com
(ProcessStart) Starting new HTTP connection (1): nzauproxy.springer-sbm.com
(ProcessStart) "GET http://api.elsevier.com/content/search/scopus?query=AU-ID(55195119700) HTTP/1.1" 200 1118
(ProcessStart) Starting new HTTP connection (1): nzauproxy.springer-sbm.com
(ProcessStart) "GET http://api.elsevier.com/content/author/author_id/7801341832 HTTP/1.1" 200 2900
(ProcessStart) Starting new HTTP connection (1): nzauproxy.springer-sbm.com
(ProcessStart) "GET http://api.elsevier.com/content/search/scopus?query=AU-ID(7102181469) HTTP/1.1" 200 4561
(ProcessStart) "GET http://api.elsevier.com/content/author/author_id/24464246600 HTTP/1.1" 200 2322
(ProcessStart) Starting new HTTP connection (1): nzauproxy.springer-sbm.com
(ProcessStart) "GET http://api.elsevier.com/content/author/author_id/9746052700 HTTP/1.1" 200 2909
(ProcessStart) Starting new HTTP connection (1): nzauproxy.springer-sbm.com
(ProcessStart) "GET http://api.elsevier.com/content/search/scopus?query=AU-ID(35565843100) HTTP/1.1" 200 4480
(ProcessStart) "GET http://api.elsevier.com/content/search/scopus?query=AU-ID(16032744300) HTTP/1.1" 200 981
(ProcessStart) Starting new HTTP connection (1): nzauproxy.springer-sbm.com
(ProcessStart) Starting new HTTP connection (1): nzauproxy.springer-sbm.com
(ProcessStart) "GET http://api.elsevier.com/content/author/author_id/55733490900 HTTP/1.1" 200 1853
(ProcessStart) Starting new HTTP connection (1): nzauproxy.springer-sbm.com
(ProcessStart) "GET http://api.elsevier.com/content/search/scopus?query=AU-ID(24464246600) HTTP/1.1" 200 3257
(ProcessStart) "GET http://api.elsevier.com/content/search/scopus?query=AU-ID(7801341832) HTTP/1.1" 200 4406
(ProcessStart) "GET http://api.elsevier.com/content/author/author_id/24391645300 HTTP/1.1" 200 1590
(ProcessStart) Starting new HTTP connection (1): nzauproxy.springer-sbm.com
(ProcessStart) Starting new HTTP connection (1): nzauproxy.springer-sbm.com
(ProcessStart) "GET http://api.elsevier.com/content/search/scopus?query=AU-ID(9746052700) HTTP/1.1" 200 4602
(ProcessStart) "GET http://api.elsevier.com/content/author/author_id/26022767100 HTTP/1.1" 200 2433
(ProcessStart) Starting new HTTP connection (1): nzauproxy.springer-sbm.com
(ProcessStart) "GET http://api.elsevier.com/content/search/scopus?query=AU-ID(55733490900) HTTP/1.1" 200 3141
(ProcessStart) "GET http://api.elsevier.com/content/author/author_id/55680743700 HTTP/1.1" 200 None
(ProcessStart) "GET http://api.elsevier.com/content/search/scopus?query=AU-ID(24391645300) HTTP/1.1" 200 1840
(ProcessStart) "GET http://api.elsevier.com/content/search/scopus?query=AU-ID(26022767100) HTTP/1.1" 200 4284
(ProcessStart) "GET http://api.elsevier.com/content/author/author_id/49361587600 HTTP/1.1" 200 2087
(ProcessStart) Starting new HTTP connection (1): nzauproxy.springer-sbm.com
(ProcessStart) Starting new HTTP connection (1): nzauproxy.springer-sbm.com
(ProcessStart) Starting new HTTP connection (1): nzauproxy.springer-sbm.com
(ProcessStart) "GET http://api.elsevier.com/content/author/author_id/8547688000 HTTP/1.1" 200 3976
(ProcessStart) Starting new HTTP connection (1): nzauproxy.springer-sbm.com
(ProcessStart) "GET http://api.elsevier.com/content/author/author_id/55972480800 HTTP/1.1" 200 5783
(ProcessStart) "GET http://api.elsevier.com/content/search/scopus?query=AU-ID(49361587600) HTTP/1.1" 200 2650
(ProcessStart) "GET http://api.elsevier.com/content/author/author_id/8611455800 HTTP/1.1" 200 2808
(ProcessStart) Starting new HTTP connection (1): nzauproxy.springer-sbm.com
(ProcessStart) Starting new HTTP connection (1): nzauproxy.springer-sbm.com
(ProcessStart) "GET http://api.elsevier.com/content/author/author_id/35754177400 HTTP/1.1" 200 1135
(ProcessStart) Starting new HTTP connection (1): nzauproxy.springer-sbm.com
(ProcessStart) "GET http://api.elsevier.com/content/author/author_id/24923851500 HTTP/1.1" 200 1571
(ProcessStart) "GET http://api.elsevier.com/content/author/author_id/7403728782 HTTP/1.1" 200 4016
(ProcessStart) Starting new HTTP connection (1): nzauproxy.springer-sbm.com
(ProcessStart) "GET http://api.elsevier.com/content/search/scopus?query=AU-ID(35754177400) HTTP/1.1" 200 1004
(ProcessStart) Starting new HTTP connection (1): nzauproxy.springer-sbm.com
(ProcessStart) "GET http://api.elsevier.com/content/author/author_id/26533639100 HTTP/1.1" 200 4352
(ProcessStart) Starting new HTTP connection (1): nzauproxy.springer-sbm.com
(ProcessStart) Starting new HTTP connection (1): nzauproxy.springer-sbm.com
(ProcessStart) "GET http://api.elsevier.com/content/author/author_id/7403530702 HTTP/1.1" 200 4487
(ProcessStart) "GET http://api.elsevier.com/content/author/author_id/6701745308 HTTP/1.1" 200 4070
(ProcessStart) "GET http://api.elsevier.com/content/search/scopus?query=AU-ID(8611455800) HTTP/1.1" 200 4359
(ProcessStart) Starting new HTTP connection (1): nzauproxy.springer-sbm.com
(ProcessStart) Starting new HTTP connection (1): nzauproxy.springer-sbm.com
(ProcessStart) "GET http://api.elsevier.com/content/author/author_id/36063457600 HTTP/1.1" 200 None
(ProcessStart) "GET http://api.elsevier.com/content/author/author_id/35550224500 HTTP/1.1" 200 6280
(ProcessStart) "GET http://api.elsevier.com/content/author/author_id/26647348500 HTTP/1.1" 200 3974
(ProcessStart) Starting new HTTP connection (1): nzauproxy.springer-sbm.com
(ProcessStart) "GET http://api.elsevier.com/content/search/scopus?query=AU-ID(6701745308) HTTP/1.1" 200 5134
(ProcessStart) "GET http://api.elsevier.com/content/author/author_id/55538054700 HTTP/1.1" 200 None
(ProcessStart) "GET http://api.elsevier.com/content/author/author_id/7003281540 HTTP/1.1" 200 4781
(ProcessStart) "GET http://api.elsevier.com/content/author/author_id/56003097800 HTTP/1.1" 200 None
(ProcessStart) "GET http://api.elsevier.com/content/search/scopus?query=AU-ID(24923851500) HTTP/1.1" 200 1857
(ProcessStart) "GET http://api.elsevier.com/content/search/scopus?query=AU-ID(7403530702) HTTP/1.1" 200 4556
(ProcessStart) Starting new HTTP connection (1): nzauproxy.springer-sbm.com
(ProcessStart) "GET http://api.elsevier.com/content/author/author_id/8704230000 HTTP/1.1" 200 4236
